<?xml version="1.0" encoding="UTF-8"?>
<!-- Generated by org.testng.reporters.JUnitXMLReporter -->
<testsuite ignored="0" hostname="DESKTOP-IKVC9GR" failures="0" tests="2" name="RegressTest" time="19.687" errors="0" timestamp="2022-08-23T17:12:29 IST">
  <testcase classname="comqaTestBase.TestBase" name="@BeforeMethod setup" time="19.319">
    <failure type="org.openqa.selenium.ElementClickInterceptedException" message="element click intercepted: Element is not clickable at point (509, 546)
  (Session info: chrome=104.0.5112.102)
Build info: version: &amp;apos;4.3.0&amp;apos;, revision: &amp;apos;a4995e2c09*&amp;apos;
System info: host: &amp;apos;DESKTOP-IKVC9GR&amp;apos;, ip: &amp;apos;192.168.1.3&amp;apos;, os.name: &amp;apos;Windows 10&amp;apos;, os.arch: &amp;apos;amd64&amp;apos;, os.version: &amp;apos;10.0&amp;apos;, java.version: &amp;apos;18.0.1&amp;apos;
Driver info: org.openqa.selenium.chrome.ChromeDriver
Command: [2ace39c7560cfc387f99db28b58cfd0b, clickElement {id=c787c09b-6f13-44f2-8f92-6e59751bd598}]
Capabilities {acceptInsecureCerts: false, browserName: chrome, browserVersion: 104.0.5112.102, chrome: {chromedriverVersion: 104.0.5112.79 (3cf3e8c8a07d..., userDataDir: C:\Users\Vaishnavi Baride\A...}, goog:chromeOptions: {debuggerAddress: localhost:56533}, networkConnectionEnabled: false, pageLoadStrategy: normal, platformName: WINDOWS, proxy: Proxy(), se:cdp: ws://localhost:56533/devtoo..., se:cdpVersion: 104.0.5112.102, setWindowRect: true, strictFileInteractability: false, timeouts: {implicit: 0, pageLoad: 300000, script: 30000}, unhandledPromptBehavior: dismiss and notify, webauthn:extension:credBlob: true, webauthn:extension:largeBlob: true, webauthn:virtualAuthenticators: true}
Element: [[ChromeDriver: chrome on WINDOWS (2ace39c7560cfc387f99db28b58cfd0b)] -&amp;gt; xpath: //button[@class=&amp;apos;btn btn-dark btn-block&amp;apos;]]
Session ID: 2ace39c7560cfc387f99db28b58cfd0b">
      <![CDATA[org.openqa.selenium.ElementClickInterceptedException: element click intercepted: Element is not clickable at point (509, 546)
  (Session info: chrome=104.0.5112.102)
Build info: version: '4.3.0', revision: 'a4995e2c09*'
System info: host: 'DESKTOP-IKVC9GR', ip: '192.168.1.3', os.name: 'Windows 10', os.arch: 'amd64', os.version: '10.0', java.version: '18.0.1'
Driver info: org.openqa.selenium.chrome.ChromeDriver
Command: [2ace39c7560cfc387f99db28b58cfd0b, clickElement {id=c787c09b-6f13-44f2-8f92-6e59751bd598}]
Capabilities {acceptInsecureCerts: false, browserName: chrome, browserVersion: 104.0.5112.102, chrome: {chromedriverVersion: 104.0.5112.79 (3cf3e8c8a07d..., userDataDir: C:\Users\Vaishnavi Baride\A...}, goog:chromeOptions: {debuggerAddress: localhost:56533}, networkConnectionEnabled: false, pageLoadStrategy: normal, platformName: WINDOWS, proxy: Proxy(), se:cdp: ws://localhost:56533/devtoo..., se:cdpVersion: 104.0.5112.102, setWindowRect: true, strictFileInteractability: false, timeouts: {implicit: 0, pageLoad: 300000, script: 30000}, unhandledPromptBehavior: dismiss and notify, webauthn:extension:credBlob: true, webauthn:extension:largeBlob: true, webauthn:virtualAuthenticators: true}
Element: [[ChromeDriver: chrome on WINDOWS (2ace39c7560cfc387f99db28b58cfd0b)] -> xpath: //button[@class='btn btn-dark btn-block']]
Session ID: 2ace39c7560cfc387f99db28b58cfd0b
at org.openqa.selenium.remote.codec.w3c.W3CHttpResponseCodec.createException(W3CHttpResponseCodec.java:200)
at org.openqa.selenium.remote.codec.w3c.W3CHttpResponseCodec.decode(W3CHttpResponseCodec.java:133)
at org.openqa.selenium.remote.codec.w3c.W3CHttpResponseCodec.decode(W3CHttpResponseCodec.java:53)
at org.openqa.selenium.remote.HttpCommandExecutor.execute(HttpCommandExecutor.java:184)
at org.openqa.selenium.remote.service.DriverCommandExecutor.invokeExecute(DriverCommandExecutor.java:167)
at org.openqa.selenium.remote.service.DriverCommandExecutor.execute(DriverCommandExecutor.java:142)
at org.openqa.selenium.remote.RemoteWebDriver.execute(RemoteWebDriver.java:569)
at org.openqa.selenium.remote.RemoteWebElement.execute(RemoteWebElement.java:257)
at org.openqa.selenium.remote.RemoteWebElement.click(RemoteWebElement.java:78)
at org.openqa.selenium.support.pagefactory.internal.LocatingElementHandler.invoke(LocatingElementHandler.java:52)
at jdk.proxy2/jdk.proxy2.$Proxy19.click(Unknown Source)
at comqaPagelayer.Loginpage.clickOnLoginButton(Loginpage.java:44)
at comqaTestBase.TestBase.setup(TestBase.java:70)
at java.base/java.util.ArrayList.forEach(ArrayList.java:1511)
... Removed 34 stack frames]]>
    </failure>
  </testcase> <!-- @BeforeMethod setup -->
  <testcase classname="comqaTestBase.TestBase" name="@AfterMethod closedown" time="-1.661254949201E9">
    <skipped/>
  </testcase> <!-- @AfterMethod closedown -->
  <testcase classname="comqaTestBase.TestBase" name="@BeforeMethod setup" time="-1.661254949222E9">
    <skipped/>
  </testcase> <!-- @BeforeMethod setup -->
  <testcase classname="comqaTestBase.TestBase" name="@AfterMethod closedown" time="-1.661254949236E9">
    <skipped/>
  </testcase> <!-- @AfterMethod closedown -->
  <testcase classname="comqaTestBase.TestBase" name="@AfterClass end" time="-1.66125494924E9">
    <skipped/>
  </testcase> <!-- @AfterClass end -->
  <testcase classname="comqaTestdata.TradingExecution" name="buyShare" time="0.0">
    <skipped/>
  </testcase> <!-- buyShare -->
  <testcase classname="comqaTestdata.TradingExecution" name="buyShareAxis" time="0.0">
    <skipped/>
  </testcase> <!-- buyShareAxis -->
</testsuite> <!-- RegressTest -->
